<?xml version="1.0" encoding="UTF-8"?>
<testsuite xmlns:xsi="http://www.w3.org/2001/XMLSchema-instance" xsi:noNamespaceSchemaLocation="https://maven.apache.org/surefire/maven-surefire-plugin/xsd/surefire-test-report-3.0.xsd" version="3.0" name="DeleteFormTest" time="0.146" tests="2" errors="0" skipped="0" failures="0">
  <properties>
[...]
</properties>
  <testcase name="delSuccessTest" classname="DeleteFormTest" time="0.072">
    <system-out><![CDATA[Deleting from: C:\Users\Garrett Hannah\aa_School\Csci-2040u\Software-Design-Project\src\test\resources\test.csv
]]></system-out>
    <system-err><![CDATA[Error: src\test\resources\test.csv (The system cannot find the file specified)
]]></system-err>
  </testcase>
  <testcase name="delFailTest" classname="DeleteFormTest" time="0.07"/>
</testsuite>