<?xml version="1.0" encoding="UTF-8"?>
<testsuite xmlns:xsi="http://www.w3.org/2001/XMLSchema-instance" xsi:noNamespaceSchemaLocation="https://maven.apache.org/surefire/maven-surefire-plugin/xsd/surefire-test-report-3.0.xsd" version="3.0" name="AddFormTest" time="0.645" tests="3" errors="0" skipped="0" failures="0">
  <properties>
[...]
</properties>
  <testcase name="addValidRecordSuccess" classname="AddFormTest" time="0.079">
    <system-out><![CDATA[Test setup using manual directory: C:\Users\ghann\aa_SCHOOL\Software-Design-Project\test_data_add_adapted
Test database path: C:\Users\ghann\aa_SCHOOL\Software-Design-Project\test_data_add_adapted\testAddDB_Adapted.csv
Test image path: C:\Users\ghann\aa_SCHOOL\Software-Design-Project\test_data_add_adapted\test_images
]]></system-out>
  </testcase>
  <testcase name="newHighestIDTest" classname="AddFormTest" time="0.017"/>
  <testcase name="addIncompleteRecordNoChange" classname="AddFormTest" time="0.502">
    <system-out><![CDATA[Writable database not found at C:\Users\ghann\aa_SCHOOL\Software-Design-Project\target\classes\userdata_database.csv. Copying default...
Default database copied to: C:\Users\ghann\aa_SCHOOL\Software-Design-Project\target\classes\userdata_database.csv
Using writable image directory: C:\Users\ghann\aa_SCHOOL\Software-Design-Project\target\classes\images
]]></system-out>
  </testcase>
</testsuite>